<?xml version="1.0" encoding="UTF-8"?>
<!-- Generated by org.testng.reporters.JUnitXMLReporter -->
<testsuite ignored="7" hostname="NAG6AKASHSAH01" failures="1" tests="1" name="Amazon application Smoke test" time="15.572" errors="0" timestamp="2022-07-18T12:51:54 IST">
  <testcase classname="uitests.SmokeTest" name="verifyAmazonHomepage_Test" time="8.899">
    <failure type="org.openqa.selenium.NoSuchElementException" message="no such element: Unable to locate element: {&amp;quot;method&amp;quot;:&amp;quot;css selector&amp;quot;,&amp;quot;selector&amp;quot;:&amp;quot;[data-nav-ref=&amp;apos;nav_ya_signingg&amp;apos;]&amp;quot;}
  (Session info: chrome=103.0.5060.114)
For documentation on this error, please visit: https://selenium.dev/exceptions/#no_such_element
Build info: version: &amp;apos;4.2.2&amp;apos;, revision: &amp;apos;683ccb65d6&amp;apos;
System info: host: &amp;apos;NAG6AKASHSAH01&amp;apos;, ip: &amp;apos;10.10.22.179&amp;apos;, os.name: &amp;apos;Windows 10&amp;apos;, os.arch: &amp;apos;amd64&amp;apos;, os.version: &amp;apos;10.0&amp;apos;, java.version: &amp;apos;16.0.1&amp;apos;
Driver info: org.openqa.selenium.chrome.ChromeDriver
Command: [ecf8f7ca1ef7678a0813040f86218612, findElement {using=css selector, value=[data-nav-ref=&amp;apos;nav_ya_signingg&amp;apos;]}]
Capabilities {acceptInsecureCerts: false, browserName: chrome, browserVersion: 103.0.5060.114, chrome: {chromedriverVersion: 103.0.5060.53 (a1711811edd7..., userDataDir: C:\Users\AKASH~1.SAH\AppDat...}, goog:chromeOptions: {debuggerAddress: localhost:58819}, networkConnectionEnabled: false, pageLoadStrategy: normal, platformName: WINDOWS, proxy: Proxy(), se:cdp: ws://localhost:58819/devtoo..., se:cdpVersion: 103.0.5060.114, setWindowRect: true, strictFileInteractability: false, timeouts: {implicit: 0, pageLoad: 300000, script: 30000}, unhandledPromptBehavior: dismiss and notify, webauthn:extension:credBlob: true, webauthn:extension:largeBlob: true, webauthn:virtualAuthenticators: true}
Session ID: ecf8f7ca1ef7678a0813040f86218612">
      <![CDATA[org.openqa.selenium.NoSuchElementException: no such element: Unable to locate element: {"method":"css selector","selector":"[data-nav-ref='nav_ya_signingg']"}
  (Session info: chrome=103.0.5060.114)
For documentation on this error, please visit: https://selenium.dev/exceptions/#no_such_element
Build info: version: '4.2.2', revision: '683ccb65d6'
System info: host: 'NAG6AKASHSAH01', ip: '10.10.22.179', os.name: 'Windows 10', os.arch: 'amd64', os.version: '10.0', java.version: '16.0.1'
Driver info: org.openqa.selenium.chrome.ChromeDriver
Command: [ecf8f7ca1ef7678a0813040f86218612, findElement {using=css selector, value=[data-nav-ref='nav_ya_signingg']}]
Capabilities {acceptInsecureCerts: false, browserName: chrome, browserVersion: 103.0.5060.114, chrome: {chromedriverVersion: 103.0.5060.53 (a1711811edd7..., userDataDir: C:\Users\AKASH~1.SAH\AppDat...}, goog:chromeOptions: {debuggerAddress: localhost:58819}, networkConnectionEnabled: false, pageLoadStrategy: normal, platformName: WINDOWS, proxy: Proxy(), se:cdp: ws://localhost:58819/devtoo..., se:cdpVersion: 103.0.5060.114, setWindowRect: true, strictFileInteractability: false, timeouts: {implicit: 0, pageLoad: 300000, script: 30000}, unhandledPromptBehavior: dismiss and notify, webauthn:extension:credBlob: true, webauthn:extension:largeBlob: true, webauthn:virtualAuthenticators: true}
Session ID: ecf8f7ca1ef7678a0813040f86218612
at org.openqa.selenium.remote.codec.w3c.W3CHttpResponseCodec.createException(W3CHttpResponseCodec.java:200)
at org.openqa.selenium.remote.codec.w3c.W3CHttpResponseCodec.decode(W3CHttpResponseCodec.java:133)
at org.openqa.selenium.remote.codec.w3c.W3CHttpResponseCodec.decode(W3CHttpResponseCodec.java:53)
at org.openqa.selenium.remote.HttpCommandExecutor.execute(HttpCommandExecutor.java:184)
at org.openqa.selenium.remote.service.DriverCommandExecutor.invokeExecute(DriverCommandExecutor.java:167)
at org.openqa.selenium.remote.service.DriverCommandExecutor.execute(DriverCommandExecutor.java:142)
at org.openqa.selenium.remote.RemoteWebDriver.execute(RemoteWebDriver.java:551)
at org.openqa.selenium.remote.ElementLocation$ElementFinder$2.findElement(ElementLocation.java:162)
at org.openqa.selenium.remote.ElementLocation.findElement(ElementLocation.java:60)
at org.openqa.selenium.remote.RemoteWebDriver.findElement(RemoteWebDriver.java:369)
at org.openqa.selenium.remote.RemoteWebDriver.findElement(RemoteWebDriver.java:361)
at base.BasePage.waitForElementToBeClickable(BasePage.java:311)
at pages.HomePage.verifySignInButton(HomePage.java:81)
at uitests.SmokeTest.verifyAmazonHomepage_Test(SmokeTest.java:27)
at java.base/java.util.concurrent.ThreadPoolExecutor.runWorker(ThreadPoolExecutor.java:1130)
at java.base/java.util.concurrent.ThreadPoolExecutor$Worker.run(ThreadPoolExecutor.java:630)
at java.base/java.lang.Thread.run(Thread.java:831)
... Removed 17 stack frames]]>
    </failure>
  </testcase> <!-- verifyAmazonHomepage_Test -->
  <testcase classname="uitests.SmokeTest" name="searchMobilePhones" time="0.0">
    <ignored/>
  </testcase> <!-- searchMobilePhones -->
  <testcase classname="uitests.SmokeTest" name="verifyIncorrectMobileNumberOnSignIN_Test" time="0.0">
    <ignored/>
  </testcase> <!-- verifyIncorrectMobileNumberOnSignIN_Test -->
  <testcase classname="uitests.SmokeTest" name="verifyCreateAmazonAccountPage_Test" time="0.0">
    <ignored/>
  </testcase> <!-- verifyCreateAmazonAccountPage_Test -->
  <testcase classname="uitests.SmokeTest" name="verifyYourAccountPage_Test" time="0.0">
    <ignored/>
  </testcase> <!-- verifyYourAccountPage_Test -->
  <testcase classname="uitests.SmokeTest" name="verifyHamburgerMenu_Test" time="0.0">
    <ignored/>
  </testcase> <!-- verifyHamburgerMenu_Test -->
  <testcase classname="uitests.SmokeTest" name="verifyFooterSocialLinks_Test" time="0.0">
    <ignored/>
  </testcase> <!-- verifyFooterSocialLinks_Test -->
  <testcase classname="uitests.SmokeTest" name="verifySigninPage_Test" time="0.0">
    <ignored/>
  </testcase> <!-- verifySigninPage_Test -->
</testsuite> <!-- Amazon application Smoke test -->
